<?xml version="1.0" encoding="UTF-8" ?>
<testsuite errors="1" failures="0" hostname="Chris-PC" name="delectable.logic.AdminManagerTest" skipped="0" tests="1" time="0.0" timestamp="2016-04-22T03:38:59">
  <properties>
    <property name="java.vendor" value="Oracle Corporation" />
    <property name="env.MOZ_PLUGIN_PATH" value="C:\Program Files (x86)\Foxit Software\Foxit Reader\plugins\" />
    <property name="result.exec.file" value="C:\Users\Chris\workspace-mars\delectable\junit\jcoverage\jacoco.exec" />
    <property name="env.USERDOMAIN_ROAMINGPROFILE" value="Chris-PC" />
    <property name="sun.java.launcher" value="SUN_STANDARD" />
    <property name="eclipse.pdebuild.templates" value="/E:/Eclipse/eclipse-jee-mars-2-win32-x86_64_2/eclipse/plugins/org.eclipse.pde.build_3.9.100.v20150521-1524/templates/" />
    <property name="ant.file.delectable" value="C:\Users\Chris\workspace-mars\delectable\build.xml" />
    <property name="sun.management.compiler" value="HotSpot 64-Bit Tiered Compilers" />
    <property name="env.PROMPT" value="$P$G" />
    <property name="os.name" value="Windows 8" />
    <property name="env.FP_NO_HOST_CHECK" value="NO" />
    <property name="sun.boot.class.path" value="C:\Program Files\Java\jdk1.7.0_40\jre\lib\resources.jar;C:\Program Files\Java\jdk1.7.0_40\jre\lib\rt.jar;C:\Program Files\Java\jdk1.7.0_40\jre\lib\sunrsasign.jar;C:\Program Files\Java\jdk1.7.0_40\jre\lib\jsse.jar;C:\Program Files\Java\jdk1.7.0_40\jre\lib\jce.jar;C:\Program Files\Java\jdk1.7.0_40\jre\lib\charsets.jar;C:\Program Files\Java\jdk1.7.0_40\jre\lib\jfr.jar;C:\Program Files\Java\jdk1.7.0_40\jre\classes" />
    <property name="ant.file.type.delectable" value="file" />
    <property name="env.COMPUTERNAME" value="CHRIS-PC" />
    <property name="env.CommonProgramW6432" value="C:\Program Files\Common Files" />
    <property name="env.ALLUSERSPROFILE" value="C:\ProgramData" />
    <property name="sun.desktop" value="windows" />
    <property name="java.vm.specification.vendor" value="Oracle Corporation" />
    <property name="ant.home" value="E:\Eclipse\eclipse-jee-mars-2-win32-x86_64_2\eclipse\plugins\org.apache.ant_1.9.6.v201510161327" />
    <property name="java.runtime.version" value="1.7.0_40-b43" />
    <property name="env.HOMEPATH" value="\Users\Chris" />
    <property name="user.name" value="Chris" />
    <property name="user.language" value="en" />
    <property name="env.windows_tracing_flags" value="3" />
    <property name="sun.boot.library.path" value="C:\Program Files\Java\jdk1.7.0_40\jre\bin" />
    <property name="ant.project.default-target" value="build" />
    <property name="ant.project.name" value="delectable" />
    <property name="java.version" value="1.7.0_40" />
    <property name="env.PROCESSOR_IDENTIFIER" value="Intel64 Family 6 Model 58 Stepping 9, GenuineIntel" />
    <property name="user.timezone" value="" />
    <property name="env.TEMP" value="C:\Users\Chris\AppData\Local\Temp" />
    <property name="sun.arch.data.model" value="64" />
    <property name="java.endorsed.dirs" value="C:\Program Files\Java\jdk1.7.0_40\jre\lib\endorsed" />
    <property name="sun.cpu.isalist" value="amd64" />
    <property name="env.HOMEDRIVE" value="C:" />
    <property name="sun.jnu.encoding" value="Cp1252" />
    <property name="file.encoding.pkg" value="sun.io" />
    <property name="env.VS110COMNTOOLS" value="C:\Program Files (x86)\Microsoft Visual Studio 11.0\Common7\Tools\" />
    <property name="file.separator" value="\" />
    <property name="java.specification.name" value="Java Platform API Specification" />
    <property name="java.class.version" value="51.0" />
    <property name="user.country" value="US" />
    <property name="java.home" value="C:\Program Files\Java\jdk1.7.0_40\jre" />
    <property name="env.PSModulePath" value="C:\WINDOWS\system32\WindowsPowerShell\v1.0\Modules\" />
    <property name="env.APPDATA" value="C:\Users\Chris\AppData\Roaming" />
    <property name="env.PUBLIC" value="C:\Users\Public" />
    <property name="env.windows_tracing_logfile" value="C:\BVTBin\Tests\installpackage\csilogfile.log" />
    <property name="java.vm.info" value="mixed mode" />
    <property name="env.ComSpec" value="C:\WINDOWS\system32\cmd.exe" />
    <property name="env.OS" value="Windows_NT" />
    <property name="env.CommonProgramFiles" value="C:\Program Files\Common Files" />
    <property name="ant.file" value="C:\Users\Chris\workspace-mars\delectable\build.xml" />
    <property name="os.version" value="6.2" />
    <property name="env.ProgramW6432" value="C:\Program Files" />
    <property name="result.report.dir" value="C:\Users\Chris\workspace-mars\delectable\junit\jcoverage\site\jacoco" />
    <property name="path.separator" value=";" />
    <property name="java.vm.version" value="24.0-b56" />
    <property name="user.variant" value="" />
    <property name="env.USERPROFILE" value="C:\Users\Chris" />
    <property name="ant.library.dir" value="E:\Eclipse\eclipse-jee-mars-2-win32-x86_64_2\eclipse\plugins\org.apache.ant_1.9.6.v201510161327\lib" />
    <property name="junit.output.dir" value="junit" />
    <property name="result.classes.dir" value="C:\Users\Chris\workspace-mars\delectable\junit\jcoverage\classes" />
    <property name="java.awt.printerjob" value="sun.awt.windows.WPrinterJob" />
    <property name="env.TMP" value="C:\Users\Chris\AppData\Local\Temp" />
    <property name="env.FPS_BROWSER_USER_PROFILE_STRING" value="Default" />
    <property name="sun.io.unicode.encoding" value="UnicodeLittle" />
    <property name="awt.toolkit" value="sun.awt.windows.WToolkit" />
    <property name="user.script" value="" />
    <property name="eclipse.pdebuild.scripts" value="/E:/Eclipse/eclipse-jee-mars-2-win32-x86_64_2/eclipse/plugins/org.eclipse.pde.build_3.9.100.v20150521-1524/scripts/" />
    <property name="user.home" value="C:\Users\Chris" />
    <property name="target" value="1.7" />
    <property name="env.VS140COMNTOOLS" value="E:\Program Files (x86)\Microsoft Visual Studio 14.0\Common7\Tools\" />
    <property name="env.ProgramData" value="C:\ProgramData" />
    <property name="env.SESSIONNAME" value="Console" />
    <property name="env.ProgramFiles(x86)" value="C:\Program Files (x86)" />
    <property name="java.specification.vendor" value="Oracle Corporation" />
    <property name="java.vendor.url" value="http://java.oracle.com/" />
    <property name="env.NUMBER_OF_PROCESSORS" value="4" />
    <property name="java.library.path" value="C:\Program Files\Java\jdk1.7.0_40\jre\bin;C:\WINDOWS\Sun\Java\bin;C:\WINDOWS\system32;C:\WINDOWS;C:/Program Files/Java/jre1.8.0_77/bin/server;C:/Program Files/Java/jre1.8.0_77/bin;C:/Program Files/Java/jre1.8.0_77/lib/amd64;C:\ProgramData\Oracle\Java\javapath;C:\WINDOWS\system32;C:\WINDOWS;C:\WINDOWS\System32\Wbem;C:\WINDOWS\System32\WindowsPowerShell\v1.0\;C:\WINDOWS\system32\config\systemprofile\.dnx\bin;C:\Program Files\Microsoft DNX\Dnvm\;C:\Program Files (x86)\Windows Kits\10\Windows Performance Toolkit\;C:\Program Files\TortoiseSVN\bin;C:\Program Files\Git\cmd;C:\Program Files (x86)\Skype\Phone\;;C:\Program Files (x86)\Microsoft VS Code\bin;C:\Program Files (x86)\FreeArc\bin;E:\Eclipse\eclipse-jee-mars-2-win32-x86_64_2\eclipse;;." />
    <property name="java.vm.vendor" value="Oracle Corporation" />
    <property name="java.runtime.name" value="Java(TM) SE Runtime Environment" />
    <property name="ant.version" value="Apache Ant(TM) version 1.9.6 compiled on June 29 2015" />
    <property name="java.class.path" value="C:\Users\Chris\workspace-mars\delectable\build\classes;C:\Users\Chris\workspace-mars\apache-tomcat-7.0.68\lib\annotations-api.jar;C:\Users\Chris\workspace-mars\apache-tomcat-7.0.68\lib\catalina-ant.jar;C:\Users\Chris\workspace-mars\apache-tomcat-7.0.68\lib\catalina-ha.jar;C:\Users\Chris\workspace-mars\apache-tomcat-7.0.68\lib\catalina-tribes.jar;C:\Users\Chris\workspace-mars\apache-tomcat-7.0.68\lib\catalina.jar;C:\Users\Chris\workspace-mars\apache-tomcat-7.0.68\lib\ecj-4.4.2.jar;C:\Users\Chris\workspace-mars\apache-tomcat-7.0.68\lib\el-api.jar;C:\Users\Chris\workspace-mars\apache-tomcat-7.0.68\lib\jasper-el.jar;C:\Users\Chris\workspace-mars\apache-tomcat-7.0.68\lib\jasper.jar;C:\Users\Chris\workspace-mars\apache-tomcat-7.0.68\lib\jsp-api.jar;C:\Users\Chris\workspace-mars\apache-tomcat-7.0.68\lib\servlet-api.jar;C:\Users\Chris\workspace-mars\apache-tomcat-7.0.68\lib\tomcat-api.jar;C:\Users\Chris\workspace-mars\apache-tomcat-7.0.68\lib\tomcat-coyote.jar;C:\Users\Chris\workspace-mars\apache-tomcat-7.0.68\lib\tomcat-dbcp.jar;C:\Users\Chris\workspace-mars\apache-tomcat-7.0.68\lib\tomcat-i18n-es.jar;C:\Users\Chris\workspace-mars\apache-tomcat-7.0.68\lib\tomcat-i18n-fr.jar;C:\Users\Chris\workspace-mars\apache-tomcat-7.0.68\lib\tomcat-i18n-ja.jar;C:\Users\Chris\workspace-mars\apache-tomcat-7.0.68\lib\tomcat-jdbc.jar;C:\Users\Chris\workspace-mars\apache-tomcat-7.0.68\lib\tomcat-util.jar;C:\Users\Chris\workspace-mars\apache-tomcat-7.0.68\lib\tomcat7-websocket.jar;C:\Users\Chris\workspace-mars\apache-tomcat-7.0.68\lib\websocket-api.jar;C:\Users\Chris\workspace-mars\delectable\WebContent\WEB-INF\lib\aopalliance-repackaged-2.4.0-b34.jar;C:\Users\Chris\workspace-mars\delectable\WebContent\WEB-INF\lib\asm-debug-all-5.0.4.jar;C:\Users\Chris\workspace-mars\delectable\WebContent\WEB-INF\lib\commons-beanutils-1.9.2-javadoc.jar;C:\Users\Chris\workspace-mars\delectable\WebContent\WEB-INF\lib\commons-beanutils-1.9.2-sources.jar;C:\Users\Chris\workspace-mars\delectable\WebContent\WEB-INF\lib\commons-beanutils-1.9.2-test-sources.jar;C:\Users\Chris\workspace-mars\delectable\WebContent\WEB-INF\lib\commons-beanutils-1.9.2-tests.jar;C:\Users\Chris\workspace-mars\delectable\WebContent\WEB-INF\lib\commons-beanutils-1.9.2.jar;C:\Users\Chris\workspace-mars\delectable\WebContent\WEB-INF\lib\commons-collections-3.2.2-javadoc.jar;C:\Users\Chris\workspace-mars\delectable\WebContent\WEB-INF\lib\commons-collections-3.2.2.jar;C:\Users\Chris\workspace-mars\delectable\WebContent\WEB-INF\lib\commons-lang-2.6-javadoc.jar;C:\Users\Chris\workspace-mars\delectable\WebContent\WEB-INF\lib\commons-lang-2.6-sources.jar;C:\Users\Chris\workspace-mars\delectable\WebContent\WEB-INF\lib\commons-lang-2.6.jar;C:\Users\Chris\workspace-mars\delectable\WebContent\WEB-INF\lib\commons-logging-1.2-javadoc.jar;C:\Users\Chris\workspace-mars\delectable\WebContent\WEB-INF\lib\commons-logging-1.2.jar;C:\Users\Chris\workspace-mars\delectable\WebContent\WEB-INF\lib\hamcrest-core-1.3.jar;C:\Users\Chris\workspace-mars\delectable\WebContent\WEB-INF\lib\hk2-api-2.4.0-b34.jar;C:\Users\Chris\workspace-mars\delectable\WebContent\WEB-INF\lib\hk2-locator-2.4.0-b34.jar;C:\Users\Chris\workspace-mars\delectable\WebContent\WEB-INF\lib\hk2-utils-2.4.0-b34.jar;C:\Users\Chris\workspace-mars\delectable\WebContent\WEB-INF\lib\jackson-annotations-2.0.1.jar;C:\Users\Chris\workspace-mars\delectable\WebContent\WEB-INF\lib\jackson-core-2.6.3.jar;C:\Users\Chris\workspace-mars\delectable\WebContent\WEB-INF\lib\jackson-databind-2.1.4.jar;C:\Users\Chris\workspace-mars\delectable\WebContent\WEB-INF\lib\javassist-3.18.1-GA.jar;C:\Users\Chris\workspace-mars\delectable\WebContent\WEB-INF\lib\javax.annotation-api-1.2.jar;C:\Users\Chris\workspace-mars\delectable\WebContent\WEB-INF\lib\javax.inject-2.4.0-b34.jar;C:\Users\Chris\workspace-mars\delectable\WebContent\WEB-INF\lib\javax.servlet-api-3.0.1.jar;C:\Users\Chris\workspace-mars\delectable\WebContent\WEB-INF\lib\javax.ws.rs-api-2.0.1.jar;C:\Users\Chris\workspace-mars\delectable\WebContent\WEB-INF\lib\jaxb-api-2.2.7.jar;C:\Users\Chris\workspace-mars\delectable\WebContent\WEB-INF\lib\jersey-client.jar;C:\Users\Chris\workspace-mars\delectable\WebContent\WEB-INF\lib\jersey-common.jar;C:\Users\Chris\workspace-mars\delectable\WebContent\WEB-INF\lib\jersey-container-servlet-core.jar;C:\Users\Chris\workspace-mars\delectable\WebContent\WEB-INF\lib\jersey-container-servlet.jar;C:\Users\Chris\workspace-mars\delectable\WebContent\WEB-INF\lib\jersey-guava-2.22.2.jar;C:\Users\Chris\workspace-mars\delectable\WebContent\WEB-INF\lib\jersey-media-jaxb.jar;C:\Users\Chris\workspace-mars\delectable\WebContent\WEB-INF\lib\jersey-server.jar;C:\Users\Chris\workspace-mars\delectable\WebContent\WEB-INF\lib\junit-4.12.jar;C:\Users\Chris\workspace-mars\delectable\WebContent\WEB-INF\lib\org.osgi.core-4.2.0.jar;C:\Users\Chris\workspace-mars\delectable\WebContent\WEB-INF\lib\osgi-resource-locator-1.0.1.jar;C:\Users\Chris\workspace-mars\delectable\WebContent\WEB-INF\lib\persistence-api-1.0.jar;C:\Users\Chris\workspace-mars\delectable\WebContent\WEB-INF\lib\validation-api-1.1.0.Final.jar;E:\Eclipse\eclipse-jee-mars-2-win32-x86_64_2\eclipse\plugins\org.apache.ant_1.9.6.v201510161327\lib\ant-launcher.jar;E:\Eclipse\eclipse-jee-mars-2-win32-x86_64_2\eclipse\plugins\org.apache.ant_1.9.6.v201510161327\lib\ant.jar;E:\Eclipse\eclipse-jee-mars-2-win32-x86_64_2\eclipse\plugins\org.apache.ant_1.9.6.v201510161327\lib\ant-junit.jar;E:\Eclipse\eclipse-jee-mars-2-win32-x86_64_2\eclipse\plugins\org.apache.ant_1.9.6.v201510161327\lib\ant-junit4.jar" />
    <property name="sun.java.command" value="org.apache.tools.ant.taskdefs.optional.junit.JUnitTestRunner delectable.logic.AdminManagerTest skipNonTests=false filtertrace=true haltOnError=false haltOnFailure=false formatter=org.apache.tools.ant.taskdefs.optional.junit.OutErrSummaryJUnitResultFormatter showoutput=false outputtoformatters=true logfailedtests=true threadid=0 logtestlistenerevents=false formatter=org.apache.tools.ant.taskdefs.optional.junit.XMLJUnitResultFormatter,C:\Users\Chris\workspace-mars\delectable\junit\TEST-delectable.logic.AdminManagerTest.xml crashfile=C:\Users\Chris\workspace-mars\delectable\junitvmwatcher9123766942925610996.properties propsfile=C:\Users\Chris\workspace-mars\delectable\junit5704038076872477430.properties" />
    <property name="java.vm.specification.name" value="Java Virtual Machine Specification" />
    <property name="env.windir" value="C:\WINDOWS" />
    <property name="env.LOGONSERVER" value="\\CHRIS-PC" />
    <property name="env.PROCESSOR_ARCHITECTURE" value="AMD64" />
    <property name="java.vm.specification.version" value="1.7" />
    <property name="sun.os.patch.level" value="" />
    <property name="sun.cpu.endian" value="little" />
    <property name="debuglevel" value="source,lines,vars" />
    <property name="env.ProgramFiles" value="C:\Program Files" />
    <property name="env.ANT_HOME" value="E:\Eclipse\eclipse-jee-mars-2-win32-x86_64_2\eclipse\plugins\org.apache.ant_1.9.6.v201510161327" />
    <property name="env.PROCESSOR_REVISION" value="3a09" />
    <property name="eclipse.pdebuild.home" value="/E:/Eclipse/eclipse-jee-mars-2-win32-x86_64_2/eclipse/plugins/org.eclipse.pde.build_3.9.100.v20150521-1524/./" />
    <property name="java.io.tmpdir" value="C:\Users\Chris\AppData\Local\Temp\" />
    <property name="env.CommonProgramFiles(x86)" value="C:\Program Files (x86)\Common Files" />
    <property name="env.VS120COMNTOOLS" value="C:\Program Files (x86)\Microsoft Visual Studio 12.0\Common7\Tools\" />
    <property name="java.vendor.url.bug" value="http://bugreport.sun.com/bugreport/" />
    <property name="env.SystemRoot" value="C:\WINDOWS" />
    <property name="env.FPS_BROWSER_APP_PROFILE_STRING" value="Internet Explorer" />
    <property name="java.awt.graphicsenv" value="sun.awt.Win32GraphicsEnvironment" />
    <property name="os.arch" value="amd64" />
    <property name="java.ext.dirs" value="C:\Program Files\Java\jdk1.7.0_40\jre\lib\ext;C:\WINDOWS\Sun\Java\lib\ext" />
    <property name="env.LOCALAPPDATA" value="C:\Users\Chris\AppData\Local" />
    <property name="user.dir" value="C:\Users\Chris\workspace-mars\delectable" />
    <property name="line.separator" value="&#xd;&#xa;" />
    <property name="java.vm.name" value="Java HotSpot(TM) 64-Bit Server VM" />
    <property name="result.dir" value="C:\Users\Chris\workspace-mars\delectable\junit\jcoverage" />
    <property name="env.PATHEXT" value=".COM;.EXE;.BAT;.CMD;.VBS;.VBE;.JS;.JSE;.WSF;.WSH;.MSC" />
    <property name="env.Path" value="C:/Program Files/Java/jre1.8.0_77/bin/server;C:/Program Files/Java/jre1.8.0_77/bin;C:/Program Files/Java/jre1.8.0_77/lib/amd64;C:\ProgramData\Oracle\Java\javapath;C:\WINDOWS\system32;C:\WINDOWS;C:\WINDOWS\System32\Wbem;C:\WINDOWS\System32\WindowsPowerShell\v1.0\;C:\WINDOWS\system32\config\systemprofile\.dnx\bin;C:\Program Files\Microsoft DNX\Dnvm\;C:\Program Files (x86)\Windows Kits\10\Windows Performance Toolkit\;C:\Program Files\TortoiseSVN\bin;C:\Program Files\Git\cmd;C:\Program Files (x86)\Skype\Phone\;;C:\Program Files (x86)\Microsoft VS Code\bin;C:\Program Files (x86)\FreeArc\bin;E:\Eclipse\eclipse-jee-mars-2-win32-x86_64_2\eclipse;" />
    <property name="basedir" value="C:\Users\Chris\workspace-mars\delectable" />
    <property name="ant.java.version" value="1.7" />
    <property name="ant.core.lib" value="E:\Eclipse\eclipse-jee-mars-2-win32-x86_64_2\eclipse\plugins\org.apache.ant_1.9.6.v201510161327\lib\ant.jar" />
    <property name="env.USERNAME" value="Chris" />
    <property name="source" value="1.7" />
    <property name="env.SystemDrive" value="C:" />
    <property name="file.encoding" value="Cp1252" />
    <property name="env.USERDOMAIN" value="Chris-PC" />
    <property name="java.specification.version" value="1.7" />
    <property name="ant.project.invoked-targets" value="build,AdminManagerTest,CustomerManagerTest,CustomerManagerTest2,MenuManagerTest,OrderManagerTest,OrderManagerTest2,ReportManagerTest,junitreport,report" />
    <property name="env.PROCESSOR_LEVEL" value="6" />
  </properties>
  <error message="delectable.logic.AdminManagerTest" type="java.lang.ClassNotFoundException">java.lang.ClassNotFoundException: delectable.logic.AdminManagerTest
	at java.net.URLClassLoader$1.run(URLClassLoader.java:366)
	at java.net.URLClassLoader$1.run(URLClassLoader.java:355)
	at java.security.AccessController.doPrivileged(Native Method)
	at java.net.URLClassLoader.findClass(URLClassLoader.java:354)
	at java.lang.ClassLoader.loadClass(ClassLoader.java:424)
	at sun.misc.Launcher$AppClassLoader.loadClass(Launcher.java:308)
	at java.lang.ClassLoader.loadClass(ClassLoader.java:357)
	at java.lang.Class.forName0(Native Method)
	at java.lang.Class.forName(Class.java:190)
</error>
  <system-out><![CDATA[]]></system-out>
  <system-err><![CDATA[]]></system-err>
</testsuite>
